Build started 10/07/2024 16:21:55.
     1>Project "E:\LuuDuLieuSinhVien\0_DangAnhTuan\Buoi_1\DangAnhTuan_Buoi_1_KTLT\DangAnhTuan_Buoi_1_KTLT\DangAnhTuan_Buoi_1_KTLT.vcxproj" on node 2 (Build target(s)).
     1>ClCompile:
         C:\Program Files (x86)\Microsoft Visual Studio 12.0\VC\bin\CL.exe /c /ZI /nologo /W3 /WX- /Od /Oy- /D WIN32 /D _DEBUG /D _CONSOLE /D _LIB /D _UNICODE /D UNICODE /Gm /EHsc /RTC1 /MDd /GS /fp:precise /Zc:wchar_t /Zc:forScope /Fo"Debug\\" /Fd"Debug\vc120.pdb" /Gd /TP /analyze- /errorReport:prompt Bai_6_Buoi_1.cpp
         Bai_6_Buoi_1.cpp
     1>e:\luudulieusinhvien\0_danganhtuan\buoi_1\danganhtuan_buoi_1_ktlt\danganhtuan_buoi_1_ktlt\bai_6_buoi_1.cpp(28): warning C4566: character represented by universal-character-name '\u1EDD' cannot be represented in the current code page (1252)
     1>e:\luudulieusinhvien\0_danganhtuan\buoi_1\danganhtuan_buoi_1_ktlt\danganhtuan_buoi_1_ktlt\bai_6_buoi_1.cpp(28): warning C4566: character represented by universal-character-name '\u0111' cannot be represented in the current code page (1252)
     1>e:\luudulieusinhvien\0_danganhtuan\buoi_1\danganhtuan_buoi_1_ktlt\danganhtuan_buoi_1_ktlt\bai_6_buoi_1.cpp(28): warning C4566: character represented by universal-character-name '\u01B0' cannot be represented in the current code page (1252)
     1>e:\luudulieusinhvien\0_danganhtuan\buoi_1\danganhtuan_buoi_1_ktlt\danganhtuan_buoi_1_ktlt\bai_6_buoi_1.cpp(28): warning C4566: character represented by universal-character-name '\u1EE3' cannot be represented in the current code page (1252)
     1>e:\luudulieusinhvien\0_danganhtuan\buoi_1\danganhtuan_buoi_1_ktlt\danganhtuan_buoi_1_ktlt\bai_6_buoi_1.cpp(28): warning C4566: character represented by universal-character-name '\u1EC9' cannot be represented in the current code page (1252)
     1>e:\luudulieusinhvien\0_danganhtuan\buoi_1\danganhtuan_buoi_1_ktlt\danganhtuan_buoi_1_ktlt\bai_6_buoi_1.cpp(31): warning C4566: character represented by universal-character-name '\u1ED7' cannot be represented in the current code page (1252)
     1>e:\luudulieusinhvien\0_danganhtuan\buoi_1\danganhtuan_buoi_1_ktlt\danganhtuan_buoi_1_ktlt\bai_6_buoi_1.cpp(31): warning C4566: character represented by universal-character-name '\u01B0' cannot be represented in the current code page (1252)
     1>e:\luudulieusinhvien\0_danganhtuan\buoi_1\danganhtuan_buoi_1_ktlt\danganhtuan_buoi_1_ktlt\bai_6_buoi_1.cpp(31): warning C4566: character represented by universal-character-name '\u1EDD' cannot be represented in the current code page (1252)
     1>e:\luudulieusinhvien\0_danganhtuan\buoi_1\danganhtuan_buoi_1_ktlt\danganhtuan_buoi_1_ktlt\bai_6_buoi_1.cpp(31): warning C4566: character represented by universal-character-name '\u0111' cannot be represented in the current code page (1252)
     1>e:\luudulieusinhvien\0_danganhtuan\buoi_1\danganhtuan_buoi_1_ktlt\danganhtuan_buoi_1_ktlt\bai_6_buoi_1.cpp(31): warning C4566: character represented by universal-character-name '\u1ED9' cannot be represented in the current code page (1252)
     1>e:\luudulieusinhvien\0_danganhtuan\buoi_1\danganhtuan_buoi_1_ktlt\danganhtuan_buoi_1_ktlt\bai_6_buoi_1.cpp(31): warning C4566: character represented by universal-character-name '\u1EA3' cannot be represented in the current code page (1252)
     1>e:\luudulieusinhvien\0_danganhtuan\buoi_1\danganhtuan_buoi_1_ktlt\danganhtuan_buoi_1_ktlt\bai_6_buoi_1.cpp(31): warning C4566: character represented by universal-character-name '\u1EE7' cannot be represented in the current code page (1252)
     1>e:\luudulieusinhvien\0_danganhtuan\buoi_1\danganhtuan_buoi_1_ktlt\danganhtuan_buoi_1_ktlt\bai_6_buoi_1.cpp(31): warning C4566: character represented by universal-character-name '\u1ED5' cannot be represented in the current code page (1252)
     1>e:\luudulieusinhvien\0_danganhtuan\buoi_1\danganhtuan_buoi_1_ktlt\danganhtuan_buoi_1_ktlt\bai_6_buoi_1.cpp(31): warning C4566: character represented by universal-character-name '\u1EC3' cannot be represented in the current code page (1252)
     1>e:\luudulieusinhvien\0_danganhtuan\buoi_1\danganhtuan_buoi_1_ktlt\danganhtuan_buoi_1_ktlt\bai_6_buoi_1.cpp(31): warning C4566: character represented by universal-character-name '\u1EE3' cannot be represented in the current code page (1252)
     1>e:\luudulieusinhvien\0_danganhtuan\buoi_1\danganhtuan_buoi_1_ktlt\danganhtuan_buoi_1_ktlt\bai_6_buoi_1.cpp(31): warning C4566: character represented by universal-character-name '\u1EC9' cannot be represented in the current code page (1252)
     1>e:\luudulieusinhvien\0_danganhtuan\buoi_1\danganhtuan_buoi_1_ktlt\danganhtuan_buoi_1_ktlt\bai_6_buoi_1.cpp(34): warning C4566: character represented by universal-character-name '\u1EEF' cannot be represented in the current code page (1252)
     1>e:\luudulieusinhvien\0_danganhtuan\buoi_1\danganhtuan_buoi_1_ktlt\danganhtuan_buoi_1_ktlt\bai_6_buoi_1.cpp(36): warning C4566: character represented by universal-character-name '\u1EDD' cannot be represented in the current code page (1252)
     1>e:\luudulieusinhvien\0_danganhtuan\buoi_1\danganhtuan_buoi_1_ktlt\danganhtuan_buoi_1_ktlt\bai_6_buoi_1.cpp(36): warning C4566: character represented by universal-character-name '\u0111' cannot be represented in the current code page (1252)
     1>e:\luudulieusinhvien\0_danganhtuan\buoi_1\danganhtuan_buoi_1_ktlt\danganhtuan_buoi_1_ktlt\bai_6_buoi_1.cpp(36): warning C4566: character represented by universal-character-name '\u01B0' cannot be represented in the current code page (1252)
     1>e:\luudulieusinhvien\0_danganhtuan\buoi_1\danganhtuan_buoi_1_ktlt\danganhtuan_buoi_1_ktlt\bai_6_buoi_1.cpp(36): warning C4566: character represented by universal-character-name '\u1EE3' cannot be represented in the current code page (1252)
     1>e:\luudulieusinhvien\0_danganhtuan\buoi_1\danganhtuan_buoi_1_ktlt\danganhtuan_buoi_1_ktlt\bai_6_buoi_1.cpp(36): warning C4566: character represented by universal-character-name '\u1EC9' cannot be represented in the current code page (1252)
     1>e:\luudulieusinhvien\0_danganhtuan\buoi_1\danganhtuan_buoi_1_ktlt\danganhtuan_buoi_1_ktlt\bai_6_buoi_1.cpp(39): warning C4566: character represented by universal-character-name '\u1ED7' cannot be represented in the current code page (1252)
     1>e:\luudulieusinhvien\0_danganhtuan\buoi_1\danganhtuan_buoi_1_ktlt\danganhtuan_buoi_1_ktlt\bai_6_buoi_1.cpp(39): warning C4566: character represented by universal-character-name '\u01B0' cannot be represented in the current code page (1252)
     1>e:\luudulieusinhvien\0_danganhtuan\buoi_1\danganhtuan_buoi_1_ktlt\danganhtuan_buoi_1_ktlt\bai_6_buoi_1.cpp(39): warning C4566: character represented by universal-character-name '\u1EDD' cannot be represented in the current code page (1252)
     1>e:\luudulieusinhvien\0_danganhtuan\buoi_1\danganhtuan_buoi_1_ktlt\danganhtuan_buoi_1_ktlt\bai_6_buoi_1.cpp(39): warning C4566: character represented by universal-character-name '\u0111' cannot be represented in the current code page (1252)
     1>e:\luudulieusinhvien\0_danganhtuan\buoi_1\danganhtuan_buoi_1_ktlt\danganhtuan_buoi_1_ktlt\bai_6_buoi_1.cpp(39): warning C4566: character represented by universal-character-name '\u1ED9' cannot be represented in the current code page (1252)
     1>e:\luudulieusinhvien\0_danganhtuan\buoi_1\danganhtuan_buoi_1_ktlt\danganhtuan_buoi_1_ktlt\bai_6_buoi_1.cpp(39): warning C4566: character represented by universal-character-name '\u1EEF' cannot be represented in the current code page (1252)
     1>e:\luudulieusinhvien\0_danganhtuan\buoi_1\danganhtuan_buoi_1_ktlt\danganhtuan_buoi_1_ktlt\bai_6_buoi_1.cpp(39): warning C4566: character represented by universal-character-name '\u1EA3' cannot be represented in the current code page (1252)
     1>e:\luudulieusinhvien\0_danganhtuan\buoi_1\danganhtuan_buoi_1_ktlt\danganhtuan_buoi_1_ktlt\bai_6_buoi_1.cpp(39): warning C4566: character represented by universal-character-name '\u1EE7' cannot be represented in the current code page (1252)
     1>e:\luudulieusinhvien\0_danganhtuan\buoi_1\danganhtuan_buoi_1_ktlt\danganhtuan_buoi_1_ktlt\bai_6_buoi_1.cpp(39): warning C4566: character represented by universal-character-name '\u1ED5' cannot be represented in the current code page (1252)
     1>e:\luudulieusinhvien\0_danganhtuan\buoi_1\danganhtuan_buoi_1_ktlt\danganhtuan_buoi_1_ktlt\bai_6_buoi_1.cpp(39): warning C4566: character represented by universal-character-name '\u1EC3' cannot be represented in the current code page (1252)
     1>e:\luudulieusinhvien\0_danganhtuan\buoi_1\danganhtuan_buoi_1_ktlt\danganhtuan_buoi_1_ktlt\bai_6_buoi_1.cpp(39): warning C4566: character represented by universal-character-name '\u1EE3' cannot be represented in the current code page (1252)
     1>e:\luudulieusinhvien\0_danganhtuan\buoi_1\danganhtuan_buoi_1_ktlt\danganhtuan_buoi_1_ktlt\bai_6_buoi_1.cpp(39): warning C4566: character represented by universal-character-name '\u1EC9' cannot be represented in the current code page (1252)
     1>e:\luudulieusinhvien\0_danganhtuan\buoi_1\danganhtuan_buoi_1_ktlt\danganhtuan_buoi_1_ktlt\bai_6_buoi_1.cpp(43): warning C4566: character represented by universal-character-name '\u1ED7' cannot be represented in the current code page (1252)
     1>e:\luudulieusinhvien\0_danganhtuan\buoi_1\danganhtuan_buoi_1_ktlt\danganhtuan_buoi_1_ktlt\bai_6_buoi_1.cpp(43): warning C4566: character represented by universal-character-name '\u1EDB' cannot be represented in the current code page (1252)
     1>e:\luudulieusinhvien\0_danganhtuan\buoi_1\danganhtuan_buoi_1_ktlt\danganhtuan_buoi_1_ktlt\bai_6_buoi_1.cpp(43): warning C4566: character represented by universal-character-name '\u1EB7' cannot be represented in the current code page (1252)
     1>e:\luudulieusinhvien\0_danganhtuan\buoi_1\danganhtuan_buoi_1_ktlt\danganhtuan_buoi_1_ktlt\bai_6_buoi_1.cpp(43): warning C4566: character represented by universal-character-name '\u1ED5' cannot be represented in the current code page (1252)
     1>e:\luudulieusinhvien\0_danganhtuan\buoi_1\danganhtuan_buoi_1_ktlt\danganhtuan_buoi_1_ktlt\bai_6_buoi_1.cpp(43): warning C4566: character represented by universal-character-name '\u1EE3' cannot be represented in the current code page (1252)
     1>e:\luudulieusinhvien\0_danganhtuan\buoi_1\danganhtuan_buoi_1_ktlt\danganhtuan_buoi_1_ktlt\bai_6_buoi_1.cpp(43): warning C4566: character represented by universal-character-name '\u0111' cannot be represented in the current code page (1252)
     1>e:\luudulieusinhvien\0_danganhtuan\buoi_1\danganhtuan_buoi_1_ktlt\danganhtuan_buoi_1_ktlt\bai_6_buoi_1.cpp(43): warning C4566: character represented by universal-character-name '\u1EC3' cannot be represented in the current code page (1252)
     1>e:\luudulieusinhvien\0_danganhtuan\buoi_1\danganhtuan_buoi_1_ktlt\danganhtuan_buoi_1_ktlt\bai_6_buoi_1.cpp(43): warning C4566: character represented by universal-character-name '\u1EDD' cannot be represented in the current code page (1252)
     1>e:\luudulieusinhvien\0_danganhtuan\buoi_1\danganhtuan_buoi_1_ktlt\danganhtuan_buoi_1_ktlt\bai_6_buoi_1.cpp(43): warning C4566: character represented by universal-character-name '\u1EC9' cannot be represented in the current code page (1252)
     1>e:\luudulieusinhvien\0_danganhtuan\buoi_1\danganhtuan_buoi_1_ktlt\danganhtuan_buoi_1_ktlt\bai_6_buoi_1.cpp(43): warning C4566: character represented by universal-character-name '\u01B0' cannot be represented in the current code page (1252)
     1>e:\luudulieusinhvien\0_danganhtuan\buoi_1\danganhtuan_buoi_1_ktlt\danganhtuan_buoi_1_ktlt\bai_6_buoi_1.cpp(52): warning C4566: character represented by universal-character-name '\u1EAD' cannot be represented in the current code page (1252)
     1>e:\luudulieusinhvien\0_danganhtuan\buoi_1\danganhtuan_buoi_1_ktlt\danganhtuan_buoi_1_ktlt\bai_6_buoi_1.cpp(52): warning C4566: character represented by universal-character-name '\u1ECD' cannot be represented in the current code page (1252)
     1>e:\luudulieusinhvien\0_danganhtuan\buoi_1\danganhtuan_buoi_1_ktlt\danganhtuan_buoi_1_ktlt\bai_6_buoi_1.cpp(56): warning C4566: character represented by universal-character-name '\u1EAD' cannot be represented in the current code page (1252)
     1>e:\luudulieusinhvien\0_danganhtuan\buoi_1\danganhtuan_buoi_1_ktlt\danganhtuan_buoi_1_ktlt\bai_6_buoi_1.cpp(56): warning C4566: character represented by universal-character-name '\u1EDB' cannot be represented in the current code page (1252)
     1>e:\luudulieusinhvien\0_danganhtuan\buoi_1\danganhtuan_buoi_1_ktlt\danganhtuan_buoi_1_ktlt\bai_6_buoi_1.cpp(56): warning C4566: character represented by universal-character-name '\u1EEF' cannot be represented in the current code page (1252)
     1>e:\luudulieusinhvien\0_danganhtuan\buoi_1\danganhtuan_buoi_1_ktlt\danganhtuan_buoi_1_ktlt\bai_6_buoi_1.cpp(60): warning C4566: character represented by universal-character-name '\u1EAD' cannot be represented in the current code page (1252)
     1>e:\luudulieusinhvien\0_danganhtuan\buoi_1\danganhtuan_buoi_1_ktlt\danganhtuan_buoi_1_ktlt\bai_6_buoi_1.cpp(64): warning C4566: character represented by universal-character-name '\u1EEF' cannot be represented in the current code page (1252)
     1>e:\luudulieusinhvien\0_danganhtuan\buoi_1\danganhtuan_buoi_1_ktlt\danganhtuan_buoi_1_ktlt\bai_6_buoi_1.cpp(68): warning C4566: character represented by universal-character-name '\u1ED7' cannot be represented in the current code page (1252)
     1>e:\luudulieusinhvien\0_danganhtuan\buoi_1\danganhtuan_buoi_1_ktlt\danganhtuan_buoi_1_ktlt\bai_6_buoi_1.cpp(68): warning C4566: character represented by universal-character-name '\u1EBF' cannot be represented in the current code page (1252)
     1>e:\luudulieusinhvien\0_danganhtuan\buoi_1\danganhtuan_buoi_1_ktlt\danganhtuan_buoi_1_ktlt\bai_6_buoi_1.cpp(68): warning C4566: character represented by universal-character-name '\u1ED5' cannot be represented in the current code page (1252)
     1>e:\luudulieusinhvien\0_danganhtuan\buoi_1\danganhtuan_buoi_1_ktlt\danganhtuan_buoi_1_ktlt\bai_6_buoi_1.cpp(68): error C2001: newline in constant
     1>e:\luudulieusinhvien\0_danganhtuan\buoi_1\danganhtuan_buoi_1_ktlt\danganhtuan_buoi_1_ktlt\bai_6_buoi_1.cpp(69): fatal error C1075: end of file found before the left brace '{' at 'e:\luudulieusinhvien\0_danganhtuan\buoi_1\danganhtuan_buoi_1_ktlt\danganhtuan_buoi_1_ktlt\bai_6_buoi_1.cpp(67)' was matched
     1>Done Building Project "E:\LuuDuLieuSinhVien\0_DangAnhTuan\Buoi_1\DangAnhTuan_Buoi_1_KTLT\DangAnhTuan_Buoi_1_KTLT\DangAnhTuan_Buoi_1_KTLT.vcxproj" (Build target(s)) -- FAILED.

Build FAILED.

Time Elapsed 00:00:00.19
